TN:
SF:src/ejercicio.pe/newsFeed.ts
FN:9,<instance_members_initializer>
FN:17,publish
FN:28,getLatestNews
FNF:3
FNH:3
FNDA:4,<instance_members_initializer>
FNDA:2,publish
FNDA:1,getLatestNews
DA:1,1
DA:2,1
DA:3,1
DA:4,1
DA:5,1
DA:6,1
DA:7,1
DA:8,1
DA:9,1
DA:10,4
DA:11,4
DA:12,4
DA:13,4
DA:14,4
DA:15,4
DA:16,4
DA:17,4
DA:18,2
DA:19,2
DA:20,2
DA:21,2
DA:22,2
DA:23,4
DA:24,4
DA:25,4
DA:26,4
DA:27,4
DA:28,4
DA:29,1
DA:30,1
DA:31,1
DA:32,4
DA:33,1
DA:34,1
LF:34
LH:34
BRDA:9,0,0,4
BRDA:17,1,0,2
BRDA:28,2,0,1
BRF:3
BRH:3
end_of_record
TN:
SF:src/ejercicio.pe/observable.ts
FN:25,<instance_members_initializer>
FN:33,subscribe
FN:45,unsubscribe
FN:56,notify
FNF:4
FNH:4
FNDA:4,<instance_members_initializer>
FNDA:4,subscribe
FNDA:2,unsubscribe
FNDA:2,notify
DA:1,1
DA:2,1
DA:3,1
DA:4,1
DA:5,1
DA:6,1
DA:7,1
DA:8,1
DA:9,1
DA:10,1
DA:11,1
DA:12,1
DA:13,1
DA:14,1
DA:15,1
DA:16,1
DA:17,1
DA:18,1
DA:19,1
DA:20,1
DA:21,1
DA:22,1
DA:23,1
DA:24,1
DA:25,1
DA:26,4
DA:27,4
DA:28,4
DA:29,4
DA:30,4
DA:31,4
DA:32,4
DA:33,4
DA:34,4
DA:35,1
DA:36,1
DA:37,3
DA:38,3
DA:39,4
DA:40,4
DA:41,4
DA:42,4
DA:43,4
DA:44,4
DA:45,4
DA:46,2
DA:47,2
DA:48,1
DA:49,1
DA:50,1
DA:51,1
DA:52,4
DA:53,4
DA:54,4
DA:55,4
DA:56,4
DA:57,2
DA:58,2
DA:59,4
LF:59
LH:59
BRDA:25,0,0,4
BRDA:33,1,0,4
BRDA:34,2,0,1
BRDA:37,3,0,3
BRDA:45,4,0,2
BRDA:47,5,0,1
BRDA:56,6,0,2
BRDA:57,7,0,1
BRF:8
BRH:8
end_of_record
TN:
SF:src/ejercicio.pe/suscriber.ts
FN:9,<instance_members_initializer>
FN:14,Subscriber
FN:21,update
FNF:3
FNH:2
FNDA:4,<instance_members_initializer>
FNDA:4,Subscriber
FNDA:0,update
DA:1,1
DA:2,1
DA:3,1
DA:4,1
DA:5,1
DA:6,1
DA:7,1
DA:8,1
DA:9,1
DA:10,4
DA:11,4
DA:12,4
DA:13,4
DA:14,4
DA:15,4
DA:16,4
DA:17,4
DA:18,4
DA:19,4
DA:20,4
DA:21,4
DA:22,0
DA:23,0
DA:24,0
DA:25,0
DA:26,0
DA:27,0
DA:28,4
DA:29,1
DA:30,1
DA:31,1
LF:31
LH:25
BRDA:9,0,0,4
BRDA:14,1,0,4
BRF:2
BRH:2
end_of_record
